[0m14:41:55.282627 [debug] [MainThread]: Sending event: {'category': 'dbt', 'action': 'invocation', 'label': 'start', 'context': [<snowplow_tracker.self_describing_json.SelfDescribingJson object at 0x0000029E21A184D0>, <snowplow_tracker.self_describing_json.SelfDescribingJson object at 0x0000029E21A1B740>, <snowplow_tracker.self_describing_json.SelfDescribingJson object at 0x0000029E21A1AFC0>]}


============================== 14:41:55.286324 | 56056521-1208-414e-a91b-1528cb952519 ==============================
[0m14:41:55.286324 [info ] [MainThread]: Running with dbt=1.9.1
[0m14:41:55.286324 [debug] [MainThread]: running dbt with arguments {'printer_width': '80', 'indirect_selection': 'eager', 'log_cache_events': 'False', 'write_json': 'True', 'partial_parse': 'True', 'cache_selected_only': 'False', 'profiles_dir': 'C:\\Users\\marcell.oliveira\\.dbt', 'version_check': 'True', 'fail_fast': 'False', 'log_path': 'logs', 'debug': 'False', 'warn_error': 'None', 'use_colors': 'True', 'use_experimental_parser': 'False', 'empty': 'None', 'quiet': 'False', 'no_print': 'None', 'log_format': 'default', 'introspect': 'True', 'invocation_command': 'dbt init', 'static_parser': 'True', 'target_path': 'None', 'warn_error_options': 'WarnErrorOptions(include=[], exclude=[])', 'send_anonymous_usage_stats': 'True'}
[0m14:41:55.337194 [warn ] [MainThread]: [ConfigFolderDirectory]: Unable to parse logging event dictionary. Failed to parse dir field: expected string or bytes-like object, got 'WindowsPath'.. Dictionary: {'dir': WindowsPath('C:/Users/marcell.oliveira/.dbt')}
[0m14:41:55.338194 [info ] [MainThread]: Creating dbt configuration folder at 
[0m14:42:43.644675 [debug] [MainThread]: Starter project path: C:\Users\marcell.oliveira\Desktop\dbt_example\.venv\Lib\site-packages\dbt\include\starter_project
[0m14:42:43.720674 [info ] [MainThread]: 
Your new dbt project "dbt_example" was created!

For more information on how to configure the profiles.yml file,
please consult the dbt documentation here:

  https://docs.getdbt.com/docs/configure-your-profile

One more thing:

Need help? Don't hesitate to reach out to us via GitHub issues or on Slack:

  https://community.getdbt.com/

Happy modeling!

[0m14:42:43.721366 [info ] [MainThread]: Setting up your profile.
[0m14:44:28.938840 [info ] [MainThread]: Profile dbt_example written to C:\Users\marcell.oliveira\.dbt\profiles.yml using target's profile_template.yml and your supplied values. Run 'dbt debug' to validate the connection.
[0m14:44:28.938840 [debug] [MainThread]: Command `dbt init` succeeded at 14:44:28.938840 after 153.80 seconds
[0m14:44:28.938840 [debug] [MainThread]: Sending event: {'category': 'dbt', 'action': 'invocation', 'label': 'end', 'context': [<snowplow_tracker.self_describing_json.SelfDescribingJson object at 0x0000029E3AB53F50>, <snowplow_tracker.self_describing_json.SelfDescribingJson object at 0x0000029E38EA2FF0>, <snowplow_tracker.self_describing_json.SelfDescribingJson object at 0x0000029E1EE411C0>]}
[0m14:44:28.938840 [debug] [MainThread]: Flushing usage events
[0m14:44:29.754899 [debug] [MainThread]: An error was encountered while trying to flush usage events
